<?xml version="1.0" encoding="UTF-8"?>
<!-- Generated by org.testng.reporters.JUnitReportReporter -->
<testsuite hostname="LAPTOP-6OTFFNH5" failures="0" tests="1" name="demo.Ajio" time="51.890" errors="0" timestamp="2023-07-18T16:16:54 IST" skipped="0">
  <testcase classname="demo.Ajio" name="AjioTest" time="51.890"/>
  <system-out/>
</testsuite> <!-- demo.Ajio -->
