<?xml version="1.0" encoding="UTF-8"?>
<!-- Generated by org.testng.reporters.JUnitReportReporter -->
<testsuite hostname="LAPTOP-6OTFFNH5" failures="0" tests="1" name="demo.Amazon" time="57.584" errors="0" timestamp="2023-07-18T16:16:54 IST" skipped="0">
  <testcase classname="demo.Amazon" name="amazonTest" time="57.584"/>
  <system-out/>
</testsuite> <!-- demo.Amazon -->
